#
# There is insufficient memory for the Java Runtime Environment to continue.
# Native memory allocation (malloc) failed to allocate 32744 bytes. Error detail: Chunk::new
# Possible reasons:
#   The system is out of physical RAM or swap space
#   This process is running with CompressedOops enabled, and the Java Heap may be blocking the growth of the native heap
# Possible solutions:
#   Reduce memory load on the system
#   Increase physical memory or swap space
#   Check if swap backing store is full
#   Decrease Java heap size (-Xmx/-Xms)
#
#  Out of Memory Error
#
# 
Intel(R) Core(TM) i5-7200U CPU @ 2.50GHz, 4 cores, 11G,  Windows 10 , 64 bit Build 18362 (10.0.18362.329)
Time: Thu May  9 14:06:40 2024 India Standard Time elapsed time: 10173.259668 seconds (0d 2h 49m 33s)

---------------  T H R E A D  ---------------

Current thread (0x000001c37fd38fc0):  JavaThread "C2 CompilerThread0" daemon [_thread_in_native, id=22432, stack(0x00000047d7400000,0x00000047d7500000) (1024K)]


Current CompileTask:
C2:10173259 2201       4       java.util.Arrays::binarySearch0 (95 bytes)

Stack: [0x00000047d7400000,0x00000047d7500000]
Native frames: (J=compiled Java code, j=interpreted, Vv=VM code, C=native code)
V  [jvm.dll+0x6e2279]  (no source info available)
V  [jvm.dll+0x874e33]  (no source info available)
V  [jvm.dll+0x87725e]  (no source info available)
V  [jvm.dll+0x877933]  (no source info available)
V  [jvm.dll+0x27fd76]  (no source info available)
V  [jvm.dll+0xc3d0f]  (no source info available)
V  [jvm.dll+0xc3f6b]  (no source info available)
V  [jvm.dll+0xd0df4]  (no source info available)
V  [jvm.dll+0x295f4a]  (no source info available)
V  [jvm.dll+0x292aba]  (no source info available)
V  [jvm.dll+0x292f45]  (no source info available)
V  [jvm.dll+0x252e34]  (no source info available)
V  [jvm.dll+0x399b66]  (no source info available)
V  [jvm.dll+0x700c06]  (no source info available)
V  [jvm.dll+0x6fcc94]  (no source info available)
V  [jvm.dll+0x6f4fcf]  (no source info available)
V  [jvm.dll+0x6f4587]  (no source info available)
V  [jvm.dll+0x6f2764]  (no source info available)
V  [jvm.dll+0x1c805c]  (no source info available)
V  [jvm.dll+0x1c8bdb]  (no source info available)
V  [jvm.dll+0x1c8bdb]  (no source info available)
V  [jvm.dll+0x2f2e3f]  (no source info available)
V  [jvm.dll+0x6fcc87]  (no source info available)
V  [jvm.dll+0x6f4fcf]  (no source info available)
V  [jvm.dll+0x6f4587]  (no source info available)
V  [jvm.dll+0x6f2764]  (no source info available)
V  [jvm.dll+0x1c805c]  (no source info available)
V  [jvm.dll+0x246c2b]  (no source info available)
V  [jvm.dll+0x1c4e90]  (no source info available)
V  [jvm.dll+0x2569fe]  (no source info available)
V  [jvm.dll+0x254cba]  (no source info available)
V  [jvm.dll+0x3f5336]  (no source info available)
V  [jvm.dll+0x81d44b]  (no source info available)
V  [jvm.dll+0x6e0915]  (no source info available)
C  [ucrtbase.dll+0x20e72]  (no source info available)
C  [KERNEL32.DLL+0x17bd4]  (no source info available)
C  [ntdll.dll+0x6ced1]  (no source info available)


---------------  P R O C E S S  ---------------

Threads class SMR info:
_java_thread_list=0x000001c361c7e900, length=17, elements={
0x000001c37fd174e0, 0x000001c37fd1ab70, 0x000001c37fd1d970, 0x000001c37fd1dfe0,
0x000001c37fd20660, 0x000001c37fd281e0, 0x000001c37fd38fc0, 0x000001c37fd39680,
0x000001c31a3e0950, 0x000001c31a3def10, 0x000001c31a3e0fe0, 0x000001c31a3df5a0,
0x000001c31a3dfc30, 0x000001c31a3e1670, 0x000001c31a3e2390, 0x000001c31a3e02c0,
0x000001c361d17150
}

Java Threads: ( => current thread )
  0x000001c37fd174e0 JavaThread "Reference Handler"          daemon [_thread_blocked, id=19540, stack(0x00000047d6e00000,0x00000047d6f00000) (1024K)]
  0x000001c37fd1ab70 JavaThread "Finalizer"                  daemon [_thread_blocked, id=24468, stack(0x00000047d6f00000,0x00000047d7000000) (1024K)]
  0x000001c37fd1d970 JavaThread "Signal Dispatcher"          daemon [_thread_blocked, id=19804, stack(0x00000047d7000000,0x00000047d7100000) (1024K)]
  0x000001c37fd1dfe0 JavaThread "Attach Listener"            daemon [_thread_blocked, id=23580, stack(0x00000047d7100000,0x00000047d7200000) (1024K)]
  0x000001c37fd20660 JavaThread "Service Thread"             daemon [_thread_blocked, id=22096, stack(0x00000047d7200000,0x00000047d7300000) (1024K)]
  0x000001c37fd281e0 JavaThread "Monitor Deflation Thread"   daemon [_thread_blocked, id=17400, stack(0x00000047d7300000,0x00000047d7400000) (1024K)]
=>0x000001c37fd38fc0 JavaThread "C2 CompilerThread0"         daemon [_thread_in_native, id=22432, stack(0x00000047d7400000,0x00000047d7500000) (1024K)]
  0x000001c37fd39680 JavaThread "C1 CompilerThread0"         daemon [_thread_blocked, id=19736, stack(0x00000047d7500000,0x00000047d7600000) (1024K)]
  0x000001c31a3e0950 JavaThread "Common-Cleaner"             daemon [_thread_blocked, id=9104, stack(0x00000047d7600000,0x00000047d7700000) (1024K)]
  0x000001c31a3def10 JavaThread "Notification Thread"        daemon [_thread_blocked, id=18700, stack(0x00000047d7700000,0x00000047d7800000) (1024K)]
  0x000001c31a3e0fe0 JavaThread "Java2D Disposer"            daemon [_thread_blocked, id=17860, stack(0x00000047d7900000,0x00000047d7a00000) (1024K)]
  0x000001c31a3df5a0 JavaThread "AWT-Shutdown"                      [_thread_blocked, id=11120, stack(0x00000047d7a00000,0x00000047d7b00000) (1024K)]
  0x000001c31a3dfc30 JavaThread "AWT-Windows"                daemon [_thread_in_native, id=20592, stack(0x00000047d7b00000,0x00000047d7c00000) (1024K)]
  0x000001c31a3e1670 JavaThread "mysql-cj-abandoned-connection-cleanup" daemon [_thread_blocked, id=23956, stack(0x00000047d7c00000,0x00000047d7d00000) (1024K)]
  0x000001c31a3e2390 JavaThread "AWT-EventQueue-0"                  [_thread_in_Java, id=23024, stack(0x00000047d8000000,0x00000047d8100000) (1024K)]
  0x000001c31a3e02c0 JavaThread "DestroyJavaVM"                     [_thread_blocked, id=23460, stack(0x00000047d6600000,0x00000047d6700000) (1024K)]
  0x000001c361d17150 JavaThread "TimerQueue"                 daemon [_thread_blocked, id=3460, stack(0x00000047d8400000,0x00000047d8500000) (1024K)]
Total: 17

Other Threads:
  0x000001c37fcffb90 VMThread "VM Thread"                           [id=17916, stack(0x00000047d6d00000,0x00000047d6e00000) (1024K)]
  0x000001c37fce92c0 WatcherThread "VM Periodic Task Thread"        [id=22796, stack(0x00000047d6c00000,0x00000047d6d00000) (1024K)]
  0x000001c37c43d500 WorkerThread "GC Thread#0"                     [id=22968, stack(0x00000047d6700000,0x00000047d6800000) (1024K)]
  0x000001c361339ae0 WorkerThread "GC Thread#1"                     [id=15584, stack(0x00000047d7d00000,0x00000047d7e00000) (1024K)]
  0x000001c36184b010 WorkerThread "GC Thread#2"                     [id=21644, stack(0x00000047d7e00000,0x00000047d7f00000) (1024K)]
  0x000001c36184b3c0 WorkerThread "GC Thread#3"                     [id=14064, stack(0x00000047d7f00000,0x00000047d8000000) (1024K)]
  0x000001c37c44a5c0 ConcurrentGCThread "G1 Main Marker"            [id=23700, stack(0x00000047d6800000,0x00000047d6900000) (1024K)]
  0x000001c37c44bce0 WorkerThread "G1 Conc#0"                       [id=22556, stack(0x00000047d6900000,0x00000047d6a00000) (1024K)]
  0x000001c37c47e5c0 ConcurrentGCThread "G1 Refine#0"               [id=22024, stack(0x00000047d6a00000,0x00000047d6b00000) (1024K)]
  0x000001c37fbb5190 ConcurrentGCThread "G1 Service"                [id=21936, stack(0x00000047d6b00000,0x00000047d6c00000) (1024K)]
Total: 10

Threads with active compile tasks:
C2 CompilerThread0  10173356 2201       4       java.util.Arrays::binarySearch0 (95 bytes)
Total: 1

VM state: not at safepoint (normal execution)

VM Mutex/Monitor currently owned by a thread: None

Heap address: 0x0000000741800000, size: 3048 MB, Compressed Oops mode: Zero based, Oop shift amount: 3

CDS archive(s) mapped at: [0x000001c31b000000-0x000001c31bc60000-0x000001c31bc60000), size 12976128, SharedBaseAddress: 0x000001c31b000000, ArchiveRelocationMode: 1.
Compressed class space mapped at: 0x000001c31c000000-0x000001c35c000000, reserved size: 1073741824
Narrow klass base: 0x000001c31b000000, Narrow klass shift: 0, Narrow klass range: 0x41000000

GC Precious Log:
 CardTable entry size: 512
 Card Set container configuration: InlinePtr #cards 4 size 8 Array Of Cards #cards 16 size 48 Howl #buckets 8 coarsen threshold 3686 Howl Bitmap #cards 512 size 80 coarsen threshold 460 Card regions per heap region 1 cards per card region 4096
 CPUs: 4 total, 4 available
 Memory: 12188M
 Large Page Support: Disabled
 NUMA Support: Disabled
 Compressed Oops: Enabled (Zero based)
 Heap Region Size: 2M
 Heap Min Capacity: 8M
 Heap Initial Capacity: 192M
 Heap Max Capacity: 3048M
 Pre-touch: Disabled
 Parallel Workers: 4
 Concurrent Workers: 1
 Concurrent Refinement Workers: 4
 Periodic GC: Disabled

Heap:
 garbage-first heap   total reserved 3121152K, committed 196608K, used 18220K [0x0000000741800000, 0x0000000800000000)
  region size 2048K, 7 young (14336K), 1 survivors (2048K)
 Metaspace       used 16829K, committed 17088K, reserved 1114112K
  class space    used 1858K, committed 1984K, reserved 1048576K

Heap Regions: E=young(eden), S=young(survivor), O=old, HS=humongous(starts), HC=humongous(continues), CS=collection set, F=free, TAMS=top-at-mark-start, PB=parsable bottom
|   0|0x0000000741800000, 0x00000007419cb100, 0x0000000741a00000| 89%| O|  |TAMS 0x0000000741800000| PB 0x0000000741800000| Untracked |  0
|   1|0x0000000741a00000, 0x0000000741c00000, 0x0000000741c00000|100%|HS|  |TAMS 0x0000000741a00000| PB 0x0000000741a00000| Complete |  0
|   2|0x0000000741c00000, 0x0000000741e00000, 0x0000000741e00000|100%|HC|  |TAMS 0x0000000741c00000| PB 0x0000000741c00000| Complete |  0
|   3|0x0000000741e00000, 0x0000000741e00000, 0x0000000742000000|  0%| F|  |TAMS 0x0000000741e00000| PB 0x0000000741e00000| Untracked |  0
|   4|0x0000000742000000, 0x0000000742000000, 0x0000000742200000|  0%| F|  |TAMS 0x0000000742000000| PB 0x0000000742000000| Untracked |  0
|   5|0x0000000742200000, 0x0000000742200000, 0x0000000742400000|  0%| F|  |TAMS 0x0000000742200000| PB 0x0000000742200000| Untracked |  0
|   6|0x0000000742400000, 0x0000000742400000, 0x0000000742600000|  0%| F|  |TAMS 0x0000000742400000| PB 0x0000000742400000| Untracked |  0
|   7|0x0000000742600000, 0x0000000742600000, 0x0000000742800000|  0%| F|  |TAMS 0x0000000742600000| PB 0x0000000742600000| Untracked |  0
|   8|0x0000000742800000, 0x0000000742800000, 0x0000000742a00000|  0%| F|  |TAMS 0x0000000742800000| PB 0x0000000742800000| Untracked |  0
|   9|0x0000000742a00000, 0x0000000742a00000, 0x0000000742c00000|  0%| F|  |TAMS 0x0000000742a00000| PB 0x0000000742a00000| Untracked |  0
|  10|0x0000000742c00000, 0x0000000742c00000, 0x0000000742e00000|  0%| F|  |TAMS 0x0000000742c00000| PB 0x0000000742c00000| Untracked |  0
|  11|0x0000000742e00000, 0x0000000742e00000, 0x0000000743000000|  0%| F|  |TAMS 0x0000000742e00000| PB 0x0000000742e00000| Untracked |  0
|  12|0x0000000743000000, 0x0000000743000000, 0x0000000743200000|  0%| F|  |TAMS 0x0000000743000000| PB 0x0000000743000000| Untracked |  0
|  13|0x0000000743200000, 0x0000000743200000, 0x0000000743400000|  0%| F|  |TAMS 0x0000000743200000| PB 0x0000000743200000| Untracked |  0
|  14|0x0000000743400000, 0x0000000743400000, 0x0000000743600000|  0%| F|  |TAMS 0x0000000743400000| PB 0x0000000743400000| Untracked |  0
|  15|0x0000000743600000, 0x0000000743600000, 0x0000000743800000|  0%| F|  |TAMS 0x0000000743600000| PB 0x0000000743600000| Untracked |  0
|  16|0x0000000743800000, 0x0000000743800000, 0x0000000743a00000|  0%| F|  |TAMS 0x0000000743800000| PB 0x0000000743800000| Untracked |  0
|  17|0x0000000743a00000, 0x0000000743a00000, 0x0000000743c00000|  0%| F|  |TAMS 0x0000000743a00000| PB 0x0000000743a00000| Untracked |  0
|  18|0x0000000743c00000, 0x0000000743c00000, 0x0000000743e00000|  0%| F|  |TAMS 0x0000000743c00000| PB 0x0000000743c00000| Untracked |  0
|  19|0x0000000743e00000, 0x0000000743e00000, 0x0000000744000000|  0%| F|  |TAMS 0x0000000743e00000| PB 0x0000000743e00000| Untracked |  0
|  20|0x0000000744000000, 0x0000000744000000, 0x0000000744200000|  0%| F|  |TAMS 0x0000000744000000| PB 0x0000000744000000| Untracked |  0
|  21|0x0000000744200000, 0x0000000744200000, 0x0000000744400000|  0%| F|  |TAMS 0x0000000744200000| PB 0x0000000744200000| Untracked |  0
|  22|0x0000000744400000, 0x0000000744400000, 0x0000000744600000|  0%| F|  |TAMS 0x0000000744400000| PB 0x0000000744400000| Untracked |  0
|  23|0x0000000744600000, 0x0000000744600000, 0x0000000744800000|  0%| F|  |TAMS 0x0000000744600000| PB 0x0000000744600000| Untracked |  0
|  24|0x0000000744800000, 0x0000000744800000, 0x0000000744a00000|  0%| F|  |TAMS 0x0000000744800000| PB 0x0000000744800000| Untracked |  0
|  25|0x0000000744a00000, 0x0000000744a00000, 0x0000000744c00000|  0%| F|  |TAMS 0x0000000744a00000| PB 0x0000000744a00000| Untracked |  0
|  26|0x0000000744c00000, 0x0000000744c00000, 0x0000000744e00000|  0%| F|  |TAMS 0x0000000744c00000| PB 0x0000000744c00000| Untracked |  0
|  27|0x0000000744e00000, 0x0000000744e00000, 0x0000000745000000|  0%| F|  |TAMS 0x0000000744e00000| PB 0x0000000744e00000| Untracked |  0
|  28|0x0000000745000000, 0x0000000745000000, 0x0000000745200000|  0%| F|  |TAMS 0x0000000745000000| PB 0x0000000745000000| Untracked |  0
|  29|0x0000000745200000, 0x0000000745200000, 0x0000000745400000|  0%| F|  |TAMS 0x0000000745200000| PB 0x0000000745200000| Untracked |  0
|  30|0x0000000745400000, 0x0000000745400000, 0x0000000745600000|  0%| F|  |TAMS 0x0000000745400000| PB 0x0000000745400000| Untracked |  0
|  31|0x0000000745600000, 0x0000000745600000, 0x0000000745800000|  0%| F|  |TAMS 0x0000000745600000| PB 0x0000000745600000| Untracked |  0
|  32|0x0000000745800000, 0x0000000745800000, 0x0000000745a00000|  0%| F|  |TAMS 0x0000000745800000| PB 0x0000000745800000| Untracked |  0
|  33|0x0000000745a00000, 0x0000000745a00000, 0x0000000745c00000|  0%| F|  |TAMS 0x0000000745a00000| PB 0x0000000745a00000| Untracked |  0
|  34|0x0000000745c00000, 0x0000000745c00000, 0x0000000745e00000|  0%| F|  |TAMS 0x0000000745c00000| PB 0x0000000745c00000| Untracked |  0
|  35|0x0000000745e00000, 0x0000000745e00000, 0x0000000746000000|  0%| F|  |TAMS 0x0000000745e00000| PB 0x0000000745e00000| Untracked |  0
|  36|0x0000000746000000, 0x0000000746000000, 0x0000000746200000|  0%| F|  |TAMS 0x0000000746000000| PB 0x0000000746000000| Untracked |  0
|  37|0x0000000746200000, 0x0000000746200000, 0x0000000746400000|  0%| F|  |TAMS 0x0000000746200000| PB 0x0000000746200000| Untracked |  0
|  38|0x0000000746400000, 0x0000000746400000, 0x0000000746600000|  0%| F|  |TAMS 0x0000000746400000| PB 0x0000000746400000| Untracked |  0
|  39|0x0000000746600000, 0x0000000746600000, 0x0000000746800000|  0%| F|  |TAMS 0x0000000746600000| PB 0x0000000746600000| Untracked |  0
|  40|0x0000000746800000, 0x0000000746800000, 0x0000000746a00000|  0%| F|  |TAMS 0x0000000746800000| PB 0x0000000746800000| Untracked |  0
|  41|0x0000000746a00000, 0x0000000746a00000, 0x0000000746c00000|  0%| F|  |TAMS 0x0000000746a00000| PB 0x0000000746a00000| Untracked |  0
|  42|0x0000000746c00000, 0x0000000746c00000, 0x0000000746e00000|  0%| F|  |TAMS 0x0000000746c00000| PB 0x0000000746c00000| Untracked |  0
|  43|0x0000000746e00000, 0x0000000746e00000, 0x0000000747000000|  0%| F|  |TAMS 0x0000000746e00000| PB 0x0000000746e00000| Untracked |  0
|  44|0x0000000747000000, 0x0000000747000000, 0x0000000747200000|  0%| F|  |TAMS 0x0000000747000000| PB 0x0000000747000000| Untracked |  0
|  45|0x0000000747200000, 0x0000000747200000, 0x0000000747400000|  0%| F|  |TAMS 0x0000000747200000| PB 0x0000000747200000| Untracked |  0
|  46|0x0000000747400000, 0x0000000747400000, 0x0000000747600000|  0%| F|  |TAMS 0x0000000747400000| PB 0x0000000747400000| Untracked |  0
|  47|0x0000000747600000, 0x0000000747600000, 0x0000000747800000|  0%| F|  |TAMS 0x0000000747600000| PB 0x0000000747600000| Untracked |  0
|  48|0x0000000747800000, 0x0000000747800000, 0x0000000747a00000|  0%| F|  |TAMS 0x0000000747800000| PB 0x0000000747800000| Untracked |  0
|  49|0x0000000747a00000, 0x0000000747a00000, 0x0000000747c00000|  0%| F|  |TAMS 0x0000000747a00000| PB 0x0000000747a00000| Untracked |  0
|  50|0x0000000747c00000, 0x0000000747c00000, 0x0000000747e00000|  0%| F|  |TAMS 0x0000000747c00000| PB 0x0000000747c00000| Untracked |  0
|  51|0x0000000747e00000, 0x0000000747e00000, 0x0000000748000000|  0%| F|  |TAMS 0x0000000747e00000| PB 0x0000000747e00000| Untracked |  0
|  52|0x0000000748000000, 0x0000000748000000, 0x0000000748200000|  0%| F|  |TAMS 0x0000000748000000| PB 0x0000000748000000| Untracked |  0
|  53|0x0000000748200000, 0x0000000748200000, 0x0000000748400000|  0%| F|  |TAMS 0x0000000748200000| PB 0x0000000748200000| Untracked |  0
|  54|0x0000000748400000, 0x0000000748400000, 0x0000000748600000|  0%| F|  |TAMS 0x0000000748400000| PB 0x0000000748400000| Untracked |  0
|  55|0x0000000748600000, 0x0000000748600000, 0x0000000748800000|  0%| F|  |TAMS 0x0000000748600000| PB 0x0000000748600000| Untracked |  0
|  56|0x0000000748800000, 0x0000000748800000, 0x0000000748a00000|  0%| F|  |TAMS 0x0000000748800000| PB 0x0000000748800000| Untracked |  0
|  57|0x0000000748a00000, 0x0000000748a00000, 0x0000000748c00000|  0%| F|  |TAMS 0x0000000748a00000| PB 0x0000000748a00000| Untracked |  0
|  58|0x0000000748c00000, 0x0000000748c00000, 0x0000000748e00000|  0%| F|  |TAMS 0x0000000748c00000| PB 0x0000000748c00000| Untracked |  0
|  59|0x0000000748e00000, 0x0000000748e00000, 0x0000000749000000|  0%| F|  |TAMS 0x0000000748e00000| PB 0x0000000748e00000| Untracked |  0
|  60|0x0000000749000000, 0x0000000749000000, 0x0000000749200000|  0%| F|  |TAMS 0x0000000749000000| PB 0x0000000749000000| Untracked |  0
|  61|0x0000000749200000, 0x0000000749200000, 0x0000000749400000|  0%| F|  |TAMS 0x0000000749200000| PB 0x0000000749200000| Untracked |  0
|  62|0x0000000749400000, 0x0000000749400000, 0x0000000749600000|  0%| F|  |TAMS 0x0000000749400000| PB 0x0000000749400000| Untracked |  0
|  63|0x0000000749600000, 0x0000000749600000, 0x0000000749800000|  0%| F|  |TAMS 0x0000000749600000| PB 0x0000000749600000| Untracked |  0
|  64|0x0000000749800000, 0x0000000749800000, 0x0000000749a00000|  0%| F|  |TAMS 0x0000000749800000| PB 0x0000000749800000| Untracked |  0
|  65|0x0000000749a00000, 0x0000000749a00000, 0x0000000749c00000|  0%| F|  |TAMS 0x0000000749a00000| PB 0x0000000749a00000| Untracked |  0
|  66|0x0000000749c00000, 0x0000000749c00000, 0x0000000749e00000|  0%| F|  |TAMS 0x0000000749c00000| PB 0x0000000749c00000| Untracked |  0
|  67|0x0000000749e00000, 0x0000000749e00000, 0x000000074a000000|  0%| F|  |TAMS 0x0000000749e00000| PB 0x0000000749e00000| Untracked |  0
|  68|0x000000074a000000, 0x000000074a000000, 0x000000074a200000|  0%| F|  |TAMS 0x000000074a000000| PB 0x000000074a000000| Untracked |  0
|  69|0x000000074a200000, 0x000000074a200000, 0x000000074a400000|  0%| F|  |TAMS 0x000000074a200000| PB 0x000000074a200000| Untracked |  0
|  70|0x000000074a400000, 0x000000074a400000, 0x000000074a600000|  0%| F|  |TAMS 0x000000074a400000| PB 0x000000074a400000| Untracked |  0
|  71|0x000000074a600000, 0x000000074a600000, 0x000000074a800000|  0%| F|  |TAMS 0x000000074a600000| PB 0x000000074a600000| Untracked |  0
|  72|0x000000074a800000, 0x000000074a800000, 0x000000074aa00000|  0%| F|  |TAMS 0x000000074a800000| PB 0x000000074a800000| Untracked |  0
|  73|0x000000074aa00000, 0x000000074aa00000, 0x000000074ac00000|  0%| F|  |TAMS 0x000000074aa00000| PB 0x000000074aa00000| Untracked |  0
|  74|0x000000074ac00000, 0x000000074ac00000, 0x000000074ae00000|  0%| F|  |TAMS 0x000000074ac00000| PB 0x000000074ac00000| Untracked |  0
|  75|0x000000074ae00000, 0x000000074ae00000, 0x000000074b000000|  0%| F|  |TAMS 0x000000074ae00000| PB 0x000000074ae00000| Untracked |  0
|  76|0x000000074b000000, 0x000000074b000000, 0x000000074b200000|  0%| F|  |TAMS 0x000000074b000000| PB 0x000000074b000000| Untracked |  0
|  77|0x000000074b200000, 0x000000074b200000, 0x000000074b400000|  0%| F|  |TAMS 0x000000074b200000| PB 0x000000074b200000| Untracked |  0
|  78|0x000000074b400000, 0x000000074b400000, 0x000000074b600000|  0%| F|  |TAMS 0x000000074b400000| PB 0x000000074b400000| Untracked |  0
|  79|0x000000074b600000, 0x000000074b600000, 0x000000074b800000|  0%| F|  |TAMS 0x000000074b600000| PB 0x000000074b600000| Untracked |  0
|  80|0x000000074b800000, 0x000000074b800000, 0x000000074ba00000|  0%| F|  |TAMS 0x000000074b800000| PB 0x000000074b800000| Untracked |  0
|  81|0x000000074ba00000, 0x000000074ba00000, 0x000000074bc00000|  0%| F|  |TAMS 0x000000074ba00000| PB 0x000000074ba00000| Untracked |  0
|  82|0x000000074bc00000, 0x000000074bc00000, 0x000000074be00000|  0%| F|  |TAMS 0x000000074bc00000| PB 0x000000074bc00000| Untracked |  0
|  83|0x000000074be00000, 0x000000074be00000, 0x000000074c000000|  0%| F|  |TAMS 0x000000074be00000| PB 0x000000074be00000| Untracked |  0
|  84|0x000000074c000000, 0x000000074c000000, 0x000000074c200000|  0%| F|  |TAMS 0x000000074c000000| PB 0x000000074c000000| Untracked |  0
|  85|0x000000074c200000, 0x000000074c200000, 0x000000074c400000|  0%| F|  |TAMS 0x000000074c200000| PB 0x000000074c200000| Untracked |  0
|  86|0x000000074c400000, 0x000000074c400000, 0x000000074c600000|  0%| F|  |TAMS 0x000000074c400000| PB 0x000000074c400000| Untracked |  0
|  87|0x000000074c600000, 0x000000074c600000, 0x000000074c800000|  0%| F|  |TAMS 0x000000074c600000| PB 0x000000074c600000| Untracked |  0
|  88|0x000000074c800000, 0x000000074ca00000, 0x000000074ca00000|100%| S|CS|TAMS 0x000000074c800000| PB 0x000000074c800000| Complete |  0
|  89|0x000000074ca00000, 0x000000074ca00000, 0x000000074cc00000|  0%| F|  |TAMS 0x000000074ca00000| PB 0x000000074ca00000| Untracked |  0
|  90|0x000000074cc00000, 0x000000074cd29148, 0x000000074ce00000| 58%| E|  |TAMS 0x000000074cc00000| PB 0x000000074cc00000| Complete |  0
|  91|0x000000074ce00000, 0x000000074d000000, 0x000000074d000000|100%| E|CS|TAMS 0x000000074ce00000| PB 0x000000074ce00000| Complete |  0
|  92|0x000000074d000000, 0x000000074d200000, 0x000000074d200000|100%| E|CS|TAMS 0x000000074d000000| PB 0x000000074d000000| Complete |  0
|  93|0x000000074d200000, 0x000000074d400000, 0x000000074d400000|100%| E|CS|TAMS 0x000000074d200000| PB 0x000000074d200000| Complete |  0
|  94|0x000000074d400000, 0x000000074d600000, 0x000000074d600000|100%| E|CS|TAMS 0x000000074d400000| PB 0x000000074d400000| Complete |  0
|  95|0x000000074d600000, 0x000000074d800000, 0x000000074d800000|100%| E|CS|TAMS 0x000000074d600000| PB 0x000000074d600000| Complete |  0

Card table byte_map: [0x000001c37d0f0000,0x000001c37d6f0000] _byte_map_base: 0x000001c3796e4000

Marking Bits: (CMBitMap*) 0x000001c37c43dc10
 Bits: [0x000001c317280000, 0x000001c31a220000)

Polling page: 0x000001c37c480000

Metaspace:

Usage:
  Non-class:     14.62 MB used.
      Class:      1.82 MB used.
       Both:     16.44 MB used.

Virtual space:
  Non-class space:       64.00 MB reserved,      14.75 MB ( 23%) committed,  1 nodes.
      Class space:        1.00 GB reserved,       1.94 MB ( <1%) committed,  1 nodes.
             Both:        1.06 GB reserved,      16.69 MB (  2%) committed. 

Chunk freelists:
   Non-Class:  1.00 MB
       Class:  14.04 MB
        Both:  15.04 MB

MaxMetaspaceSize: unlimited
CompressedClassSpaceSize: 1.00 GB
Initial GC threshold: 21.00 MB
Current GC threshold: 21.00 MB
CDS: on
 - commit_granule_bytes: 65536.
 - commit_granule_words: 8192.
 - virtual_space_node_default_size: 8388608.
 - enlarge_chunks_in_place: 1.
 - use_allocation_guard: 0.


Internal statistics:

num_allocs_failed_limit: 0.
num_arena_births: 182.
num_arena_deaths: 0.
num_vsnodes_births: 2.
num_vsnodes_deaths: 0.
num_space_committed: 267.
num_space_uncommitted: 0.
num_chunks_returned_to_freelist: 0.
num_chunks_taken_from_freelist: 363.
num_chunk_merges: 0.
num_chunk_splits: 217.
num_chunks_enlarged: 124.
num_inconsistent_stats: 0.

CodeHeap 'non-profiled nmethods': size=120000Kb used=804Kb max_used=804Kb free=119195Kb
 bounds [0x000001c30fd50000, 0x000001c30ffc0000, 0x000001c317280000]
CodeHeap 'profiled nmethods': size=120000Kb used=4081Kb max_used=4081Kb free=115918Kb
 bounds [0x000001c308280000, 0x000001c308680000, 0x000001c30f7b0000]
CodeHeap 'non-nmethods': size=5760Kb used=1694Kb max_used=1735Kb free=4065Kb
 bounds [0x000001c30f7b0000, 0x000001c30fa20000, 0x000001c30fd50000]
 total_blobs=2930 nmethods=2200 adapters=634
 compilation: enabled
              stopped_count=0, restarted_count=0
 full_count=0

Compilation events (20 events):
Event: 8432.896 Thread 0x000001c37fd38fc0 nmethod 2191 0x000001c30fe0b790 code [0x000001c30fe0b9c0, 0x000001c30fe0c2f8]
Event: 8437.874 Thread 0x000001c37fd38fc0 2192   !   4       jdk.internal.loader.URLClassPath$JarLoader::ensureOpen (36 bytes)
Event: 8437.878 Thread 0x000001c37fd38fc0 nmethod 2192 0x000001c30fe0cc10 code [0x000001c30fe0cd80, 0x000001c30fe0ce30]
Event: 8442.876 Thread 0x000001c37fd38fc0 2193       4       java.util.jar.JarFile::getEntry (35 bytes)
Event: 8442.909 Thread 0x000001c37fd38fc0 nmethod 2193 0x000001c30fe0cf10 code [0x000001c30fe0d160, 0x000001c30fe0db38]
Event: 8447.877 Thread 0x000001c37fd38fc0 2194   !   4       jdk.internal.loader.URLClassPath$JarLoader::getResource (40 bytes)
Event: 8447.898 Thread 0x000001c37fd38fc0 nmethod 2194 0x000001c30fe0e490 code [0x000001c30fe0e700, 0x000001c30fe0f550]
Event: 8857.994 Thread 0x000001c37fd38fc0 2195       4       java.lang.String::replace (42 bytes)
Event: 8858.011 Thread 0x000001c37fd38fc0 nmethod 2195 0x000001c30fe10190 code [0x000001c30fe10340, 0x000001c30fe10a98]
Event: 8888.004 Thread 0x000001c37fd38fc0 2196       4       jdk.internal.module.Resources::toPackageName (39 bytes)
Event: 8888.025 Thread 0x000001c37fd38fc0 nmethod 2196 0x000001c30fe10e10 code [0x000001c30fe10fa0, 0x000001c30fe11200]
Event: 8913.013 Thread 0x000001c37fd38fc0 2197   !   4       jdk.internal.loader.BuiltinClassLoader::findMiscResource (122 bytes)
Event: 8913.050 Thread 0x000001c37fd38fc0 nmethod 2197 0x000001c30fe11390 code [0x000001c30fe11580, 0x000001c30fe11c78]
Event: 8918.014 Thread 0x000001c37fd38fc0 2198       4       jdk.internal.loader.URLClassPath$JarLoader::findResource (18 bytes)
Event: 8918.017 Thread 0x000001c37fd38fc0 nmethod 2198 0x000001c30fe12110 code [0x000001c30fe122a0, 0x000001c30fe12370]
Event: 8933.017 Thread 0x000001c37fd38fc0 2199   !   4       jdk.internal.loader.BuiltinClassLoader::findResource (154 bytes)
Event: 8933.173 Thread 0x000001c37fd38fc0 nmethod 2199 0x000001c30fe12490 code [0x000001c30fe129c0, 0x000001c30fe16a78]
Event: 10172.859 Thread 0x000001c37fd39680 2200       3       java.lang.invoke.MethodHandle::asType (32 bytes)
Event: 10172.861 Thread 0x000001c37fd39680 nmethod 2200 0x000001c30867bc10 code [0x000001c30867be40, 0x000001c30867c560]
Event: 10173.238 Thread 0x000001c37fd38fc0 2201       4       java.util.Arrays::binarySearch0 (95 bytes)

GC Heap History (2 events):
Event: 0.844 GC heap before
{Heap before GC invocations=0 (full 0):
 garbage-first heap   total reserved 3121152K, committed 196608K, used 12288K [0x0000000741800000, 0x0000000800000000)
  region size 2048K, 7 young (14336K), 0 survivors (0K)
 Metaspace       used 10935K, committed 11200K, reserved 1114112K
  class space    used 1208K, committed 1344K, reserved 1048576K
}
Event: 0.850 GC heap after
{Heap after GC invocations=1 (full 0):
 garbage-first heap   total reserved 3121152K, committed 196608K, used 3884K [0x0000000741800000, 0x0000000800000000)
  region size 2048K, 1 young (2048K), 1 survivors (2048K)
 Metaspace       used 10935K, committed 11200K, reserved 1114112K
  class space    used 1208K, committed 1344K, reserved 1048576K
}

Dll operation events (11 events):
Event: 0.009 Loaded shared library C:\Program Files\Java\jdk-22\bin\java.dll
Event: 0.034 Loaded shared library C:\Program Files\Java\jdk-22\bin\jsvml.dll
Event: 0.065 Loaded shared library C:\Program Files\Java\jdk-22\bin\net.dll
Event: 0.067 Loaded shared library C:\Program Files\Java\jdk-22\bin\nio.dll
Event: 0.093 Loaded shared library C:\Program Files\Java\jdk-22\bin\zip.dll
Event: 0.108 Loaded shared library C:\Program Files\Java\jdk-22\bin\jimage.dll
Event: 0.124 Loaded shared library C:\Program Files\Java\jdk-22\bin\awt.dll
Event: 0.516 Loaded shared library C:\Program Files\Java\jdk-22\bin\extnet.dll
Event: 0.843 Loaded shared library C:\Program Files\Java\jdk-22\bin\sunmscapi.dll
Event: 1.196 Loaded shared library C:\Program Files\Java\jdk-22\bin\freetype.dll
Event: 1.197 Loaded shared library C:\Program Files\Java\jdk-22\bin\fontmanager.dll

Deoptimization events (20 events):
Event: 1.059 Thread 0x000001c37c3ef220 Uncommon trap: trap_request=0xffffffde fr.pc=0x000001c30fdb4a3c relative=0x0000000000000afc
Event: 1.059 Thread 0x000001c37c3ef220 Uncommon trap: reason=class_check action=maybe_recompile pc=0x000001c30fdb4a3c method=java.util.HashMap.putVal(ILjava/lang/Object;Ljava/lang/Object;ZZ)Ljava/lang/Object; @ 253 c2
Event: 1.059 Thread 0x000001c37c3ef220 DEOPT PACKING pc=0x000001c30fdb4a3c sp=0x00000047d66fe230
Event: 1.059 Thread 0x000001c37c3ef220 DEOPT UNPACKING pc=0x000001c30f8046a2 sp=0x00000047d66fe1d0 mode 2
Event: 1.208 Thread 0x000001c37c3ef220 Uncommon trap: trap_request=0xffffff45 fr.pc=0x000001c30fd80e34 relative=0x0000000000000214
Event: 1.208 Thread 0x000001c37c3ef220 Uncommon trap: reason=unstable_if action=reinterpret pc=0x000001c30fd80e34 method=java.lang.StringUTF16.compress([CI[BII)I @ 20 c2
Event: 1.208 Thread 0x000001c37c3ef220 DEOPT PACKING pc=0x000001c30fd80e34 sp=0x00000047d66fdca0
Event: 1.209 Thread 0x000001c37c3ef220 DEOPT UNPACKING pc=0x000001c30f8046a2 sp=0x00000047d66fdc10 mode 2
Event: 1.423 Thread 0x000001c31a3e2390 Uncommon trap: trap_request=0xffffff45 fr.pc=0x000001c30fd5a5d0 relative=0x00000000000000b0
Event: 1.423 Thread 0x000001c31a3e2390 Uncommon trap: reason=unstable_if action=reinterpret pc=0x000001c30fd5a5d0 method=java.lang.String.isLatin1()Z @ 10 c2
Event: 1.423 Thread 0x000001c31a3e2390 DEOPT PACKING pc=0x000001c30fd5a5d0 sp=0x00000047d80fceb0
Event: 1.423 Thread 0x000001c31a3e2390 DEOPT UNPACKING pc=0x000001c30f8046a2 sp=0x00000047d80fcde0 mode 2
Event: 1.426 Thread 0x000001c31a3e2390 Uncommon trap: trap_request=0xffffff45 fr.pc=0x000001c30fd99fd4 relative=0x0000000000000054
Event: 1.426 Thread 0x000001c31a3e2390 Uncommon trap: reason=unstable_if action=reinterpret pc=0x000001c30fd99fd4 method=java.lang.CharacterData.of(I)Ljava/lang/CharacterData; @ 4 c2
Event: 1.426 Thread 0x000001c31a3e2390 DEOPT PACKING pc=0x000001c30fd99fd4 sp=0x00000047d80fce70
Event: 1.426 Thread 0x000001c31a3e2390 DEOPT UNPACKING pc=0x000001c30f8046a2 sp=0x00000047d80fce08 mode 2
Event: 4.245 Thread 0x000001c31a3e2390 Uncommon trap: trap_request=0xffffff45 fr.pc=0x000001c30fdfb044 relative=0x00000000000000a4
Event: 4.245 Thread 0x000001c31a3e2390 Uncommon trap: reason=unstable_if action=reinterpret pc=0x000001c30fdfb044 method=java.awt.Component.inside(II)Z @ 13 c2
Event: 4.246 Thread 0x000001c31a3e2390 DEOPT PACKING pc=0x000001c30fdfb044 sp=0x00000047d80fe6d0
Event: 4.246 Thread 0x000001c31a3e2390 DEOPT UNPACKING pc=0x000001c30f8046a2 sp=0x00000047d80fe560 mode 2

Classes loaded (20 events):
Event: 1.973 Loading class javax/swing/Timer$1
Event: 1.973 Loading class javax/swing/Timer$1 done
Event: 3.568 Loading class java/awt/Canvas
Event: 3.568 Loading class java/awt/Canvas done
Event: 3.568 Loading class java/awt/Scrollbar
Event: 3.569 Loading class java/awt/Adjustable
Event: 3.569 Loading class java/awt/Adjustable done
Event: 3.569 Loading class java/awt/Scrollbar done
Event: 4.583 Loading class java/awt/LightweightDispatcher$2
Event: 4.583 Loading class java/awt/LightweightDispatcher$2 done
Event: 10.173 Loading class java/awt/KeyboardFocusManager$2
Event: 10.173 Loading class java/awt/KeyboardFocusManager$2 done
Event: 10.173 Loading class sun/awt/SunToolkit$1
Event: 10.173 Loading class sun/awt/SunToolkit$1 done
Event: 10173.018 Loading class java/util/WeakHashMap$KeyIterator
Event: 10173.030 Loading class java/util/WeakHashMap$HashIterator
Event: 10173.045 Loading class java/util/WeakHashMap$HashIterator done
Event: 10173.047 Loading class java/util/WeakHashMap$KeyIterator done
Event: 10173.133 Loading class javax/swing/RepaintManager$DisplayChangedRunnable
Event: 10173.157 Loading class javax/swing/RepaintManager$DisplayChangedRunnable done

Classes unloaded (0 events):
No events

Classes redefined (0 events):
No events

Internal exceptions (20 events):
Event: 0.071 Thread 0x000001c37c3ef220 Exception <a 'sun/nio/fs/WindowsException'{0x000000074d7df450}> (0x000000074d7df450) 
thrown [s\open\src\hotspot\share\prims\jni.cpp, line 520]
Event: 0.113 Thread 0x000001c37c3ef220 Exception <a 'java/lang/ClassNotFoundException'{0x000000074d4ab940}: sun/awt/resources/spi/awtProvider> (0x000000074d4ab940) 
thrown [s\open\src\hotspot\share\classfile\systemDictionary.cpp, line 313]
Event: 0.138 Thread 0x000001c37c3ef220 Exception <a 'java/io/FileNotFoundException'{0x000000074d4ff768}> (0x000000074d4ff768) 
thrown [s\open\src\hotspot\share\prims\jni.cpp, line 520]
Event: 0.145 Thread 0x000001c37c3ef220 Exception <a 'java/io/FileNotFoundException'{0x000000074d52dc78}> (0x000000074d52dc78) 
thrown [s\open\src\hotspot\share\prims\jni.cpp, line 520]
Event: 0.219 Thread 0x000001c37c3ef220 Exception <a 'java/lang/NoSuchMethodError'{0x000000074d217e78}: 'void java.lang.invoke.DirectMethodHandle$Holder.invokeSpecial(java.lang.Object, java.lang.Object, java.lang.Object)'> (0x000000074d217e78) 
thrown [s\open\src\hotspot\share\interpreter\linkResolver.cpp, line 774]
Event: 0.227 Thread 0x000001c37c3ef220 Exception <a 'java/lang/NoSuchMethodError'{0x000000074d23e1c0}: 'java.lang.Object java.lang.invoke.DirectMethodHandle$Holder.newInvokeSpecial(java.lang.Object, java.lang.Object, java.lang.Object, java.lang.Object, java.lang.Object)'> (0x000000074d23e1c0) 
thrown [s\open\src\hotspot\share\interpreter\linkResolver.cpp, line 774]
Event: 0.233 Thread 0x000001c37c3ef220 Exception <a 'java/lang/NoSuchMethodError'{0x000000074d26ad38}: 'java.lang.Object java.lang.invoke.DirectMethodHandle$Holder.invokeStatic(java.lang.Object, int, java.lang.Object)'> (0x000000074d26ad38) 
thrown [s\open\src\hotspot\share\interpreter\linkResolver.cpp, line 774]
Event: 0.256 Thread 0x000001c37c3ef220 Exception <a 'java/lang/ClassNotFoundException'{0x000000074d30cb68}: com/sun/swing/internal/plaf/metal/resources/spi/metalProvider> (0x000000074d30cb68) 
thrown [s\open\src\hotspot\share\classfile\systemDictionary.cpp, line 313]
Event: 0.257 Thread 0x000001c37c3ef220 Exception <a 'java/lang/ClassNotFoundException'{0x000000074d310b18}: com/sun/swing/internal/plaf/basic/resources/spi/basicProvider> (0x000000074d310b18) 
thrown [s\open\src\hotspot\share\classfile\systemDictionary.cpp, line 313]
Event: 0.266 Thread 0x000001c37c3ef220 Exception <a 'java/lang/NoSuchMethodError'{0x000000074d330460}: 'int java.lang.invoke.Invokers$Holder.invokeExact_MT(java.lang.Object, java.lang.Object)'> (0x000000074d330460) 
thrown [s\open\src\hotspot\share\interpreter\linkResolver.cpp, line 774]
Event: 0.305 Thread 0x000001c37c3ef220 Exception <a 'java/lang/NoSuchMethodError'{0x000000074d37ff20}: 'void java.lang.invoke.DirectMethodHandle$Holder.invokeStatic(java.lang.Object, java.lang.Object)'> (0x000000074d37ff20) 
thrown [s\open\src\hotspot\share\interpreter\linkResolver.cpp, line 774]
Event: 0.341 Thread 0x000001c37c3ef220 Exception <a 'java/lang/NoSuchMethodError'{0x000000074d079c90}: 'java.lang.Object java.lang.invoke.DirectMethodHandle$Holder.invokeInterface(java.lang.Object, java.lang.Object)'> (0x000000074d079c90) 
thrown [s\open\src\hotspot\share\interpreter\linkResolver.cpp, line 774]
Event: 0.385 Thread 0x000001c37c3ef220 Exception <a 'java/lang/NoSuchMethodError'{0x000000074d0f5ad8}: 'void java.lang.invoke.DirectMethodHandle$Holder.invokeStatic(java.lang.Object, java.lang.Object, java.lang.Object)'> (0x000000074d0f5ad8) 
thrown [s\open\src\hotspot\share\interpreter\linkResolver.cpp, line 774]
Event: 0.400 Thread 0x000001c37c3ef220 Exception <a 'java/lang/NoSuchMethodError'{0x000000074d0fea50}: 'java.lang.Object java.lang.invoke.DirectMethodHandle$Holder.invokeVirtual(java.lang.Object, java.lang.Object, java.lang.Object)'> (0x000000074d0fea50) 
thrown [s\open\src\hotspot\share\interpreter\linkResolver.cpp, line 774]
Event: 0.659 Thread 0x000001c37c3ef220 Exception <a 'java/lang/NoSuchMethodError'{0x000000074cde3e48}: 'void java.lang.invoke.DirectMethodHandle$Holder.invokeStaticInit(java.lang.Object, java.lang.Object)'> (0x000000074cde3e48) 
thrown [s\open\src\hotspot\share\interpreter\linkResolver.cpp, line 774]
Event: 0.756 Thread 0x000001c37c3ef220 Exception <a 'sun/nio/fs/WindowsException'{0x000000074cb0f610}> (0x000000074cb0f610) 
thrown [s\open\src\hotspot\share\prims\jni.cpp, line 520]
Event: 0.807 Thread 0x000001c37c3ef220 Exception <a 'java/lang/NoSuchMethodError'{0x000000074cbb63f8}: 'java.lang.Object java.lang.invoke.DirectMethodHandle$Holder.invokeStaticInit(java.lang.Object, int, int, int, int)'> (0x000000074cbb63f8) 
thrown [s\open\src\hotspot\share\interpreter\linkResolver.cpp, line 774]
Event: 0.827 Thread 0x000001c37c3ef220 Exception <a 'java/lang/NoSuchMethodError'{0x000000074cbecea0}: 'java.lang.Object java.lang.invoke.DirectMethodHandle$Holder.invokeStaticInit(java.lang.Object, java.lang.Object, int, int, int, int)'> (0x000000074cbecea0) 
thrown [s\open\src\hotspot\share\interpreter\linkResolver.cpp, line 774]
Event: 0.999 Thread 0x000001c37c3ef220 Exception <a 'java/lang/NoSuchMethodError'{0x000000074d7c0bf0}: 'void java.lang.invoke.DirectMethodHandle$Holder.invokeVirtual(java.lang.Object, java.lang.Object)'> (0x000000074d7c0bf0) 
thrown [s\open\src\hotspot\share\interpreter\linkResolver.cpp, line 774]
Event: 1.191 Thread 0x000001c37c3ef220 Exception <a 'java/lang/NoSuchMethodError'{0x000000074d2a3430}: 'void java.lang.invoke.DirectMethodHandle$Holder.invokeStaticInit(java.lang.Object)'> (0x000000074d2a3430) 
thrown [s\open\src\hotspot\share\interpreter\linkResolver.cpp, line 774]

ZGC Phase Switch (0 events):
No events

VM Operations (20 events):
Event: 60.059 Executing VM operation: HandshakeAllThreads (HandshakeForDeflation)
Event: 60.060 Executing VM operation: HandshakeAllThreads (HandshakeForDeflation) done
Event: 60.060 Executing VM operation: RendezvousGCThreads
Event: 60.060 Executing VM operation: RendezvousGCThreads done
Event: 171.115 Executing VM operation: Cleanup
Event: 171.115 Executing VM operation: Cleanup done
Event: 486.296 Executing VM operation: Cleanup
Event: 486.296 Executing VM operation: Cleanup done
Event: 621.360 Executing VM operation: Cleanup
Event: 621.360 Executing VM operation: Cleanup done
Event: 911.509 Executing VM operation: Cleanup
Event: 911.509 Executing VM operation: Cleanup done
Event: 1046.580 Executing VM operation: Cleanup
Event: 1046.580 Executing VM operation: Cleanup done
Event: 1176.644 Executing VM operation: Cleanup
Event: 1176.644 Executing VM operation: Cleanup done
Event: 1196.653 Executing VM operation: Cleanup
Event: 1196.653 Executing VM operation: Cleanup done
Event: 8448.451 Executing VM operation: Cleanup
Event: 8448.452 Executing VM operation: Cleanup done

Events (20 events):
Event: 0.032 Thread 0x000001c37fd174e0 Thread added: 0x000001c37fd174e0
Event: 0.032 Thread 0x000001c37fd1ab70 Thread added: 0x000001c37fd1ab70
Event: 0.032 Thread 0x000001c37fd1d970 Thread added: 0x000001c37fd1d970
Event: 0.032 Thread 0x000001c37fd1dfe0 Thread added: 0x000001c37fd1dfe0
Event: 0.032 Thread 0x000001c37fd20660 Thread added: 0x000001c37fd20660
Event: 0.032 Thread 0x000001c37fd281e0 Thread added: 0x000001c37fd281e0
Event: 0.032 Thread 0x000001c37fd38fc0 Thread added: 0x000001c37fd38fc0
Event: 0.032 Thread 0x000001c37fd39680 Thread added: 0x000001c37fd39680
Event: 0.054 Thread 0x000001c31a3e0950 Thread added: 0x000001c31a3e0950
Event: 0.084 Thread 0x000001c31a3def10 Thread added: 0x000001c31a3def10
Event: 0.088 Thread 0x000001c31a52b190 Thread added: 0x000001c31a52b190
Event: 0.190 Thread 0x000001c31a3e0fe0 Thread added: 0x000001c31a3e0fe0
Event: 0.191 Thread 0x000001c31a3df5a0 Thread added: 0x000001c31a3df5a0
Event: 0.192 Thread 0x000001c31a3dfc30 Thread added: 0x000001c31a3dfc30
Event: 0.306 Thread 0x000001c31a3e1670 Thread added: 0x000001c31a3e1670
Event: 1.173 Thread 0x000001c31a3e2390 Thread added: 0x000001c31a3e2390
Event: 1.264 Thread 0x000001c37c3ef220 Thread exited: 0x000001c37c3ef220
Event: 1.264 Thread 0x000001c31a3e02c0 Thread added: 0x000001c31a3e02c0
Event: 1.470 Thread 0x000001c361d17150 Thread added: 0x000001c361d17150
Event: 1.974 Thread 0x000001c31a52b190 Thread exited: 0x000001c31a52b190


Dynamic libraries:
0x00007ff740f40000 - 0x00007ff740f50000 	C:\Program Files\Java\jdk-22\bin\java.exe
0x00007fff29700000 - 0x00007fff298f0000 	C:\WINDOWS\SYSTEM32\ntdll.dll
0x00007fff280b0000 - 0x00007fff28162000 	C:\WINDOWS\System32\KERNEL32.DLL
0x00007fff267e0000 - 0x00007fff26a83000 	C:\WINDOWS\System32\KERNELBASE.dll
0x00007fff27680000 - 0x00007fff2777a000 	C:\WINDOWS\System32\ucrtbase.dll
0x00007fff1a650000 - 0x00007fff1a667000 	C:\Program Files\Java\jdk-22\bin\jli.dll
0x00007fff1a5f0000 - 0x00007fff1a60b000 	C:\Program Files\Java\jdk-22\bin\VCRUNTIME140.dll
0x00007fff28220000 - 0x00007fff282c3000 	C:\WINDOWS\System32\ADVAPI32.dll
0x00007fff27b90000 - 0x00007fff27c2e000 	C:\WINDOWS\System32\msvcrt.dll
0x00007fff28610000 - 0x00007fff286a7000 	C:\WINDOWS\System32\sechost.dll
0x00007fff278b0000 - 0x00007fff279d0000 	C:\WINDOWS\System32\RPCRT4.dll
0x00007fff291a0000 - 0x00007fff29334000 	C:\WINDOWS\System32\USER32.dll
0x00007fff267b0000 - 0x00007fff267d1000 	C:\WINDOWS\System32\win32u.dll
0x00007fff286b0000 - 0x00007fff286d6000 	C:\WINDOWS\System32\GDI32.dll
0x00007fff274e0000 - 0x00007fff27674000 	C:\WINDOWS\System32\gdi32full.dll
0x00007fff26690000 - 0x00007fff2672e000 	C:\WINDOWS\System32\msvcp_win.dll
0x00007fff1b340000 - 0x00007fff1b5c5000 	C:\WINDOWS\WinSxS\amd64_microsoft.windows.common-controls_6595b64144ccf1df_6.0.18362.592_none_e6c0b1911312be02\COMCTL32.dll
0x00007fff282d0000 - 0x00007fff28606000 	C:\WINDOWS\System32\combase.dll
0x00007fff26730000 - 0x00007fff267b0000 	C:\WINDOWS\System32\bcryptPrimitives.dll
0x00007fff1b9c0000 - 0x00007fff1b9ca000 	C:\WINDOWS\SYSTEM32\VERSION.dll
0x00007fff277b0000 - 0x00007fff277de000 	C:\WINDOWS\System32\IMM32.DLL
0x00000000611a0000 - 0x00000000611ac000 	C:\Program Files (x86)\360\Total Security\safemon\SafeWrapper.dll
0x00007ffef60f0000 - 0x00007ffef6182000 	C:\Program Files (x86)\360\Total Security\safemon\libzdtp64.dll
0x00007fff28ab0000 - 0x00007fff29195000 	C:\WINDOWS\System32\SHELL32.dll
0x00007fff26d10000 - 0x00007fff26d5a000 	C:\WINDOWS\System32\cfgmgr32.dll
0x00007fff28870000 - 0x00007fff28919000 	C:\WINDOWS\System32\shcore.dll
0x00007fff26d60000 - 0x00007fff274df000 	C:\WINDOWS\System32\windows.storage.dll
0x00007fff26620000 - 0x00007fff2663f000 	C:\WINDOWS\System32\profapi.dll
0x00007fff26640000 - 0x00007fff2668a000 	C:\WINDOWS\System32\powrprof.dll
0x00007fff265d0000 - 0x00007fff265e0000 	C:\WINDOWS\System32\UMPDC.dll
0x00007fff286e0000 - 0x00007fff28732000 	C:\WINDOWS\System32\shlwapi.dll
0x00007fff265e0000 - 0x00007fff265f1000 	C:\WINDOWS\System32\kernel.appcore.dll
0x00007fff26a90000 - 0x00007fff26aa7000 	C:\WINDOWS\System32\cryptsp.dll
0x00007fff24870000 - 0x00007fff2487c000 	C:\Program Files\Java\jdk-22\bin\vcruntime140_1.dll
0x00007ffefa230000 - 0x00007ffefa2be000 	C:\Program Files\Java\jdk-22\bin\msvcp140.dll
0x00007ffea8ef0000 - 0x00007ffea9c37000 	C:\Program Files\Java\jdk-22\bin\server\jvm.dll
0x00007fff29340000 - 0x00007fff293af000 	C:\WINDOWS\System32\WS2_32.dll
0x00007fff1a6a0000 - 0x00007fff1a6c4000 	C:\WINDOWS\SYSTEM32\WINMM.dll
0x00007fff1a670000 - 0x00007fff1a69d000 	C:\WINDOWS\SYSTEM32\winmmbase.dll
0x00007fff1a510000 - 0x00007fff1a51a000 	C:\Program Files\Java\jdk-22\bin\jimage.dll
0x00007fff1c430000 - 0x00007fff1c624000 	C:\WINDOWS\SYSTEM32\DBGHELP.DLL
0x00007fff1c400000 - 0x00007fff1c42a000 	C:\WINDOWS\SYSTEM32\dbgcore.DLL
0x00007fff17300000 - 0x00007fff1731e000 	C:\Program Files\Java\jdk-22\bin\java.dll
0x00007fff293b0000 - 0x00007fff29506000 	C:\WINDOWS\System32\ole32.dll
0x00007ffef6800000 - 0x00007ffef68d7000 	C:\Program Files\Java\jdk-22\bin\jsvml.dll
0x00007fff17bf0000 - 0x00007fff17c00000 	C:\Program Files\Java\jdk-22\bin\net.dll
0x00007fff25e40000 - 0x00007fff25ea7000 	C:\WINDOWS\system32\mswsock.dll
0x00007fff16d80000 - 0x00007fff16d96000 	C:\Program Files\Java\jdk-22\bin\nio.dll
0x00007fff15400000 - 0x00007fff15417000 	C:\Program Files\Java\jdk-22\bin\zip.dll
0x00007ffef5280000 - 0x00007ffef540e000 	C:\Program Files\Java\jdk-22\bin\awt.dll
0x00007fff287a0000 - 0x00007fff28864000 	C:\WINDOWS\System32\OLEAUT32.dll
0x00007fff24780000 - 0x00007fff2480f000 	C:\WINDOWS\SYSTEM32\apphelp.dll
0x00007fff24f80000 - 0x00007fff24fad000 	C:\WINDOWS\system32\DWMAPI.DLL
0x00007fff24eb0000 - 0x00007fff24f49000 	C:\WINDOWS\system32\uxtheme.dll
0x00007fff0be20000 - 0x00007fff0bf76000 	C:\WINDOWS\system32\opengl32.dll
0x00007fff17bc0000 - 0x00007fff17bec000 	C:\WINDOWS\SYSTEM32\GLU32.dll
0x00007fff252b0000 - 0x00007fff252d0000 	C:\WINDOWS\SYSTEM32\dxcore.dll
0x00007fff29510000 - 0x00007fff29645000 	C:\WINDOWS\System32\MSCTF.dll
0x00007fff25b90000 - 0x00007fff25c5a000 	C:\WINDOWS\SYSTEM32\DNSAPI.dll
0x00007fff296b0000 - 0x00007fff296b8000 	C:\WINDOWS\System32\NSI.dll
0x00007fff25b50000 - 0x00007fff25b8a000 	C:\WINDOWS\SYSTEM32\IPHLPAPI.DLL
0x00007fff18ed0000 - 0x00007fff18eda000 	C:\Windows\System32\rasadhlp.dll
0x00007fff18df0000 - 0x00007fff18e67000 	C:\WINDOWS\System32\fwpuclnt.dll
0x00007fff27780000 - 0x00007fff277a6000 	C:\WINDOWS\System32\bcrypt.dll
0x00007fff16d70000 - 0x00007fff16d79000 	C:\Program Files\Java\jdk-22\bin\extnet.dll
0x00007fff259b0000 - 0x00007fff259e3000 	C:\WINDOWS\system32\rsaenh.dll
0x00007fff264c0000 - 0x00007fff264e5000 	C:\WINDOWS\SYSTEM32\USERENV.dll
0x00007fff26010000 - 0x00007fff2601c000 	C:\WINDOWS\SYSTEM32\CRYPTBASE.dll
0x00007fff19e10000 - 0x00007fff19e1e000 	C:\Program Files\Java\jdk-22\bin\sunmscapi.dll
0x00007fff26b60000 - 0x00007fff26ca9000 	C:\WINDOWS\System32\CRYPT32.dll
0x00007fff26600000 - 0x00007fff26612000 	C:\WINDOWS\System32\MSASN1.dll
0x00007fff26110000 - 0x00007fff26136000 	C:\WINDOWS\SYSTEM32\ncrypt.dll
0x00007fff260d0000 - 0x00007fff2610b000 	C:\WINDOWS\SYSTEM32\NTASN1.dll
0x00007ffef9b90000 - 0x00007ffef9c17000 	C:\Program Files\Java\jdk-22\bin\freetype.dll
0x00007ffea8e10000 - 0x00007ffea8ee7000 	C:\Program Files\Java\jdk-22\bin\fontmanager.dll
0x00007fff28170000 - 0x00007fff28212000 	C:\WINDOWS\System32\clbcatq.dll
0x00007fff24d00000 - 0x00007fff24eaf000 	C:\WINDOWS\SYSTEM32\WindowsCodecs.dll
0x00007fff14920000 - 0x00007fff1495a000 	C:\WINDOWS\system32\dataexchange.dll
0x00007fff239d0000 - 0x00007fff23c2b000 	C:\WINDOWS\system32\d3d11.dll
0x00007fff24090000 - 0x00007fff2426b000 	C:\WINDOWS\system32\dcomp.dll
0x00007fff252d0000 - 0x00007fff253bb000 	C:\WINDOWS\system32\dxgi.dll
0x00007fff22770000 - 0x00007fff229ca000 	C:\WINDOWS\system32\twinapi.appcore.dll
0x00007fff22740000 - 0x00007fff22769000 	C:\WINDOWS\system32\RMCLIENT.dll
0x00007fff1ba70000 - 0x00007fff1bb0e000 	C:\WINDOWS\System32\TextInputFramework.dll
0x00007fff248f0000 - 0x00007fff249c4000 	C:\WINDOWS\System32\CoreMessaging.dll
0x00007fff22d70000 - 0x00007fff2309a000 	C:\WINDOWS\System32\CoreUIComponents.dll
0x00007fff25790000 - 0x00007fff257c1000 	C:\WINDOWS\SYSTEM32\ntmarta.dll
0x00007fff22c10000 - 0x00007fff22d63000 	C:\WINDOWS\SYSTEM32\wintypes.dll
0x00007fff12fe0000 - 0x00007fff13286000 	C:\WINDOWS\System32\iertutil.dll

dbghelp: loaded successfully - version: 4.0.5 - missing functions: none
symbol engine: initialized successfully - sym options: 0x614 - pdb path: .;C:\Program Files\Java\jdk-22\bin;C:\WINDOWS\SYSTEM32;C:\WINDOWS\WinSxS\amd64_microsoft.windows.common-controls_6595b64144ccf1df_6.0.18362.592_none_e6c0b1911312be02;C:\Program Files (x86)\360\Total Security\safemon;C:\Program Files\Java\jdk-22\bin\server

VM Arguments:
jvm_args: -Dfile.encoding=UTF-8 --module-path=C:\Users\mrity\Documents\NetBeansProjects\recruitermanagementsystem\build\classes 
java_command: recruitermanagementsystem.UpdateEmployee
java_class_path (initial): C:\Users\mrity\Downloads\mysql-connector-java-8.0.28.jar;C:\Users\mrity\Downloads\jcalendar-tz-1.3.3-4.jar;C:\Users\mrity\Downloads\rs2xml.jar;C:\Users\mrity\Documents\NetBeansProjects\recruitermanagementsystem\build\classes
Launcher Type: SUN_STANDARD

[Global flags]
     intx CICompilerCount                          = 3                                         {product} {ergonomic}
     uint ConcGCThreads                            = 1                                         {product} {ergonomic}
     uint G1ConcRefinementThreads                  = 4                                         {product} {ergonomic}
   size_t G1HeapRegionSize                         = 2097152                                   {product} {ergonomic}
   size_t InitialHeapSize                          = 201326592                                 {product} {ergonomic}
   size_t MarkStackSize                            = 4194304                                   {product} {ergonomic}
   size_t MaxHeapSize                              = 3196059648                                {product} {ergonomic}
   size_t MaxNewSize                               = 1916796928                                {product} {ergonomic}
   size_t MinHeapDeltaBytes                        = 2097152                                   {product} {ergonomic}
   size_t MinHeapSize                              = 8388608                                   {product} {ergonomic}
    uintx NonNMethodCodeHeapSize                   = 5832780                                {pd product} {ergonomic}
    uintx NonProfiledCodeHeapSize                  = 122912730                              {pd product} {ergonomic}
    uintx ProfiledCodeHeapSize                     = 122912730                              {pd product} {ergonomic}
    uintx ReservedCodeCacheSize                    = 251658240                              {pd product} {ergonomic}
     bool SegmentedCodeCache                       = true                                      {product} {ergonomic}
   size_t SoftMaxHeapSize                          = 3196059648                             {manageable} {ergonomic}
     bool UseCompressedOops                        = true                           {product lp64_product} {ergonomic}
     bool UseG1GC                                  = true                                      {product} {ergonomic}
     bool UseLargePagesIndividualAllocation        = false                                  {pd product} {ergonomic}

Logging:
Log output configuration:
 #0: stdout all=warning uptime,level,tags foldmultilines=false
 #1: stderr all=off uptime,level,tags foldmultilines=false

Environment Variables:
PATH=C:\Program Files\Common Files\Oracle\Java\javapath;C:\WINDOWS\system32;C:\WINDOWS;C:\WINDOWS\System32\Wbem;C:\WINDOWS\System32\WindowsPowerShell\v1.0\;C:\WINDOWS\System32\OpenSSH\;C:\Program Files\MySQL\MySQL Shell 8.0\bin\;C:\Users\mrity\AppData\Local\Microsoft\WindowsApps;
USERNAME=mrity
OS=Windows_NT
PROCESSOR_IDENTIFIER=Intel64 Family 6 Model 142 Stepping 9, GenuineIntel
TMP=C:\Users\mrity\AppData\Local\Temp
TEMP=C:\Users\mrity\AppData\Local\Temp




Periodic native trim disabled

---------------  S Y S T E M  ---------------

OS:
 Windows 10 , 64 bit Build 18362 (10.0.18362.329)
OS uptime: 1 days 22:39 hours

CPU: total 4 (initial active 4) (2 cores per cpu, 2 threads per core) family 6 model 142 stepping 9 microcode 0x8e, cx8, cmov, fxsr, ht, mmx, 3dnowpref, sse, sse2, sse3, ssse3, sse4.1, sse4.2, popcnt, lzcnt, tsc, tscinvbit, avx, avx2, aes, erms, clmul, bmi1, bmi2, adx, fma, vzeroupper, clflush, clflushopt, rdtscp, f16c
Processor Information for all 4 processors :
  Max Mhz: 2701, Current Mhz: 2701, Mhz Limit: 2701

Memory: 4k page, system-wide physical 12188M (2265M free)
TotalPageFile size 40724M (AvailPageFile size 0M)
current process WorkingSet (physical memory assigned to process): 38M, peak: 114M
current process commit charge ("private bytes"): 300M, peak: 314M

vm_info: Java HotSpot(TM) 64-Bit Server VM (22.0.1+8-16) for windows-amd64 JRE (22.0.1+8-16), built on 2024-03-12T10:33:16Z by "mach5one" with MS VC++ 17.6 (VS2022)

END.
